{
  "RSpec": {
    "coverage": {
      "/Users/chris/Dropbox/code/academy/store_engine/config/environment.rb": [
        null,
        1,
        null,
        null,
        1
      ],
      "/Users/chris/Dropbox/code/academy/store_engine/config/application.rb": [
        1,
        null,
        null,
        1,
        1,
        1,
        1,
        1,
        null,
        null,
        1,
        null,
        1,
        null,
        null,
        null,
        null,
        1,
        1,
        null,
        null,
        null,
        null,
        null,
        null,
        null,
        null,
        null,
        null,
        null,
        null,
        null,
        null,
        null,
        null,
        null,
        null,
        null,
        null,
        null,
        null,
        null,
        1,
        null,
        null,
        1,
        null,
        null,
        null,
        null,
        null,
        null,
        null,
        null,
        null,
        null,
        1,
        null,
        null,
        1,
        null,
        null,
        1,
        null,
        null
      ],
      "/Users/chris/Dropbox/code/academy/store_engine/config/boot.rb": [
        1,
        null,
        null,
        1,
        null,
        1
      ],
      "/Users/chris/Dropbox/code/academy/store_engine/config/environments/test.rb": [
        1,
        null,
        null,
        null,
        null,
        null,
        null,
        1,
        null,
        null,
        1,
        1,
        null,
        null,
        1,
        null,
        null,
        1,
        1,
        null,
        null,
        1,
        null,
        null,
        1,
        null,
        null,
        null,
        null,
        1,
        null,
        null,
        1,
        null,
        null,
        1,
        null
      ],
      "/Users/chris/Dropbox/code/academy/store_engine/config/initializers/backtrace_silencers.rb": [
        null,
        null,
        null,
        null,
        null,
        null,
        null
      ],
      "/Users/chris/Dropbox/code/academy/store_engine/config/initializers/inflections.rb": [
        null,
        null,
        null,
        null,
        null,
        null,
        null,
        null,
        null,
        null,
        null,
        null,
        null,
        null,
        null
      ],
      "/Users/chris/Dropbox/code/academy/store_engine/config/initializers/mime_types.rb": [
        null,
        null,
        null,
        null,
        null
      ],
      "/Users/chris/Dropbox/code/academy/store_engine/config/initializers/secret_token.rb": [
        null,
        null,
        null,
        null,
        null,
        null,
        1
      ],
      "/Users/chris/Dropbox/code/academy/store_engine/config/initializers/session_store.rb": [
        null,
        null,
        1,
        null,
        null,
        null,
        null,
        null
      ],
      "/Users/chris/Dropbox/code/academy/store_engine/config/initializers/wrap_parameters.rb": [
        null,
        null,
        null,
        null,
        null,
        null,
        1,
        1,
        null,
        null,
        null,
        1,
        1,
        null
      ],
      "/Users/chris/Dropbox/code/academy/store_engine/app/controllers/application_controller.rb": [
        1,
        1,
        null,
        1,
        null,
        1,
        4,
        2,
        null,
        4,
        4,
        4,
        null,
        null,
        1,
        10,
        null,
        null,
        1,
        5,
        0,
        null,
        5,
        null,
        null,
        null,
        1,
        1,
        null
      ],
      "/Users/chris/Dropbox/code/academy/store_engine/app/helpers/application_helper.rb": [
        1,
        null
      ],
      "/Users/chris/Dropbox/code/academy/store_engine/app/helpers/cart_items_helper.rb": [
        1,
        null
      ],
      "/Users/chris/Dropbox/code/academy/store_engine/app/helpers/carts_helper.rb": [
        1,
        null
      ],
      "/Users/chris/Dropbox/code/academy/store_engine/app/helpers/orders_helper.rb": [
        1,
        null
      ],
      "/Users/chris/Dropbox/code/academy/store_engine/app/helpers/products_helper.rb": [
        1,
        null
      ],
      "/Users/chris/Dropbox/code/academy/store_engine/app/helpers/sessions_helper.rb": [
        1,
        null
      ],
      "/Users/chris/Dropbox/code/academy/store_engine/app/helpers/users_helper.rb": [
        1,
        null
      ],
      "/Users/chris/Dropbox/code/academy/store_engine/app/controllers/cart_items_controller.rb": [
        1,
        1,
        2,
        2,
        null,
        null,
        1,
        0,
        null,
        null,
        1,
        0,
        0,
        0,
        0,
        null,
        null,
        1,
        0,
        0,
        null,
        null,
        null,
        1,
        0,
        0,
        0,
        null,
        null
      ],
      "/Users/chris/Dropbox/code/academy/store_engine/app/models/cart_item.rb": [
        1,
        1,
        null,
        1,
        null,
        1,
        1,
        null,
        1,
        5,
        null,
        null,
        1,
        3,
        null,
        null
      ],
      "/Users/chris/Dropbox/code/academy/store_engine/app/controllers/carts_controller.rb": [
        1,
        1,
        2,
        null,
        null,
        1,
        0,
        0,
        0,
        0,
        null,
        null,
        1,
        null
      ],
      "/Users/chris/Dropbox/code/academy/store_engine/app/models/cart.rb": [
        null,
        null,
        1,
        1,
        1,
        1,
        null,
        1,
        3,
        null,
        null,
        1,
        3,
        1,
        null,
        2,
        null,
        null,
        null,
        1,
        2,
        2,
        2,
        null,
        null,
        1,
        2,
        2,
        null,
        null,
        1,
        8,
        null,
        null,
        1,
        2,
        2,
        null,
        null,
        null,
        1,
        2,
        2,
        null,
        null,
        null
      ],
      "/Users/chris/Dropbox/code/academy/store_engine/app/controllers/orders_controller.rb": [
        1,
        null,
        1,
        1,
        null,
        null,
        1,
        0,
        null,
        null,
        1,
        0,
        null,
        null,
        1,
        0,
        0,
        0,
        null,
        null
      ],
      "/Users/chris/Dropbox/code/academy/store_engine/app/models/order.rb": [
        1,
        1,
        null,
        1,
        null,
        1,
        1,
        null,
        1,
        0,
        0,
        null,
        null,
        null
      ],
      "/Users/chris/Dropbox/code/academy/store_engine/app/controllers/products_controller.rb": [
        1,
        null,
        1,
        1,
        null,
        null,
        1,
        1,
        null,
        null,
        1,
        0,
        0,
        0,
        null,
        null,
        1,
        3,
        null,
        null,
        1,
        0,
        null,
        null,
        1,
        0,
        0,
        0,
        null,
        null,
        1,
        0,
        0,
        0,
        null,
        null,
        null,
        null,
        null,
        null,
        null,
        null,
        null,
        null,
        null,
        null,
        null
      ],
      "/Users/chris/Dropbox/code/academy/store_engine/app/models/product.rb": [
        1,
        1,
        null,
        1,
        1,
        null,
        1,
        null,
        1,
        1,
        null
      ],
      "/Users/chris/Dropbox/code/academy/store_engine/app/controllers/sessions_controller.rb": [
        1,
        1,
        0,
        0,
        0,
        0,
        null,
        0,
        0,
        null,
        null,
        null,
        1,
        0,
        0,
        null,
        null
      ],
      "/Users/chris/Dropbox/code/academy/store_engine/app/controllers/users_controller.rb": [
        1,
        1,
        0,
        null,
        null,
        1,
        0,
        0,
        0,
        0,
        null,
        0,
        null,
        null,
        null,
        null,
        null
      ],
      "/Users/chris/Dropbox/code/academy/store_engine/app/models/user.rb": [
        1,
        1,
        1,
        null,
        1,
        1,
        1,
        null,
        null,
        1,
        null
      ],
      "/Users/chris/Dropbox/code/academy/store_engine/app/models/category.rb": [
        1,
        1,
        null
      ],
      "/Users/chris/Dropbox/code/academy/store_engine/app/models/order_item.rb": [
        1,
        1,
        null,
        1,
        1,
        null,
        1,
        1,
        null
      ],
      "/Users/chris/Dropbox/code/academy/store_engine/config/routes.rb": [
        1,
        null,
        1,
        1,
        1,
        1,
        1,
        null,
        1,
        null,
        1,
        null,
        1,
        null,
        null,
        null,
        null,
        null,
        null,
        null,
        null,
        null,
        null,
        null,
        null,
        null,
        null,
        null,
        null,
        null,
        null,
        null,
        null,
        null,
        null,
        null,
        null,
        null,
        null,
        null,
        null,
        null,
        null,
        null,
        null,
        null,
        null,
        null,
        null,
        null,
        null,
        null,
        null,
        null,
        null,
        null,
        null,
        null,
        null,
        null,
        null,
        null,
        null,
        null,
        null,
        null,
        null,
        null,
        null,
        null
      ],
      "/Users/chris/Dropbox/code/academy/store_engine/spec/support/example_data/projects.rb": [
        1,
        1,
        1,
        0,
        0,
        null,
        0,
        null,
        0,
        0,
        null,
        0,
        null,
        null,
        null,
        0,
        0,
        null,
        null,
        null
      ],
      "/Users/chris/Dropbox/code/academy/store_engine/spec/controllers/cart_items_controller_spec.rb": [
        1,
        null,
        1,
        null,
        null
      ],
      "/Users/chris/Dropbox/code/academy/store_engine/spec/controllers/carts_controller_spec.rb": [
        1,
        null,
        1,
        null,
        null
      ],
      "/Users/chris/Dropbox/code/academy/store_engine/spec/controllers/orders_controller_spec.rb": [
        1,
        null,
        1,
        null,
        1,
        1,
        1,
        1,
        null,
        null,
        null,
        null
      ],
      "/Users/chris/Dropbox/code/academy/store_engine/spec/controllers/products_controller_spec.rb": [
        1,
        null,
        1,
        1,
        1,
        1,
        1,
        null,
        null,
        null,
        1,
        1,
        1,
        null,
        null,
        null,
        null,
        1,
        1,
        null,
        null,
        1,
        1,
        null,
        null,
        null,
        null,
        null
      ],
      "/Users/chris/Dropbox/code/academy/store_engine/spec/controllers/sessions_controller_spec.rb": [
        1,
        null,
        1,
        null,
        null
      ],
      "/Users/chris/Dropbox/code/academy/store_engine/spec/controllers/users_controller_spec.rb": [
        1,
        null,
        1,
        null,
        null
      ],
      "/Users/chris/Dropbox/code/academy/store_engine/spec/helpers/cart_items_helper_spec.rb": [
        null,
        null,
        null,
        null,
        null,
        null,
        null,
        null,
        null,
        null,
        null,
        null,
        null,
        null,
        null
      ],
      "/Users/chris/Dropbox/code/academy/store_engine/spec/helpers/carts_helper_spec.rb": [
        null,
        null,
        null,
        null,
        null,
        null,
        null,
        null,
        null,
        null,
        null,
        null,
        null,
        null,
        null
      ],
      "/Users/chris/Dropbox/code/academy/store_engine/spec/helpers/orders_helper_spec.rb": [
        null,
        null,
        null,
        null,
        null,
        null,
        null,
        null,
        null,
        null,
        null,
        null,
        null,
        null,
        null
      ],
      "/Users/chris/Dropbox/code/academy/store_engine/spec/helpers/products_helper_spec.rb": [
        null,
        null,
        null,
        null,
        null,
        null,
        null,
        null,
        null,
        null,
        null,
        null,
        null,
        null,
        null
      ],
      "/Users/chris/Dropbox/code/academy/store_engine/spec/helpers/sessions_helper_spec.rb": [
        null,
        null,
        null,
        null,
        null,
        null,
        null,
        null,
        null,
        null,
        null,
        null,
        null,
        null,
        null
      ],
      "/Users/chris/Dropbox/code/academy/store_engine/spec/helpers/users_helper_spec.rb": [
        null,
        null,
        null,
        null,
        null,
        null,
        null,
        null,
        null,
        null,
        null,
        null,
        null,
        null,
        null
      ],
      "/Users/chris/Dropbox/code/academy/store_engine/spec/models/cart_item_spec.rb": [
        1,
        null,
        1,
        null,
        4,
        4,
        null,
        null,
        null,
        1,
        1,
        1,
        null,
        null,
        1,
        1,
        1,
        null,
        null,
        null,
        1,
        1,
        1,
        null,
        null,
        null,
        null
      ],
      "/Users/chris/Dropbox/code/academy/store_engine/spec/models/cart_spec.rb": [
        1,
        null,
        1,
        4,
        4,
        4,
        null,
        1,
        1,
        10,
        null,
        1,
        1,
        1,
        2,
        null,
        null,
        null,
        1,
        1,
        1,
        null,
        null,
        1,
        1,
        1,
        null,
        null,
        null,
        null
      ],
      "/Users/chris/Dropbox/code/academy/store_engine/spec/models/category_spec.rb": [
        1,
        null,
        1,
        1,
        null
      ],
      "/Users/chris/Dropbox/code/academy/store_engine/spec/models/order_item_spec.rb": [
        1,
        null,
        1,
        1,
        3,
        null,
        null,
        null,
        null,
        null,
        null,
        null,
        1,
        1,
        null,
        null,
        1,
        1,
        1,
        null,
        null,
        1,
        1,
        1,
        null,
        null
      ],
      "/Users/chris/Dropbox/code/academy/store_engine/spec/models/order_spec.rb": [
        1,
        null,
        1,
        null,
        null
      ],
      "/Users/chris/Dropbox/code/academy/store_engine/spec/models/product_spec.rb": [
        1,
        null,
        1,
        1,
        6,
        null,
        null,
        null,
        null,
        null,
        null,
        null,
        null,
        1,
        1,
        null,
        null,
        1,
        1,
        1,
        null,
        null,
        1,
        1,
        1,
        null,
        null,
        1,
        1,
        1,
        null,
        null,
        1,
        1,
        1,
        null,
        null,
        1,
        1,
        1,
        1,
        null,
        null,
        null,
        null,
        null
      ],
      "/Users/chris/Dropbox/code/academy/store_engine/spec/models/user_spec.rb": [
        1,
        null,
        1,
        1,
        8,
        null,
        null,
        null,
        null,
        null,
        null,
        null,
        1,
        1,
        null,
        null,
        1,
        1,
        1,
        null,
        null,
        1,
        1,
        1,
        null,
        null,
        1,
        1,
        1,
        3,
        3,
        null,
        null,
        null,
        1,
        1,
        1,
        3,
        3,
        null,
        null,
        null,
        1,
        1,
        1,
        1,
        null,
        null,
        1,
        1,
        1,
        null,
        null,
        1,
        1,
        1,
        1,
        null,
        null,
        null
      ],
      "/Users/chris/Dropbox/code/academy/store_engine/spec/requests/cart_spec.rb": [
        1,
        null,
        1,
        1,
        3,
        3,
        null,
        1,
        3,
        null,
        1,
        1,
        null,
        null,
        1,
        1,
        1,
        null,
        null,
        null,
        null,
        null
      ],
      "/Users/chris/Dropbox/code/academy/store_engine/spec/requests/products_spec.rb": [
        1,
        null,
        1,
        1,
        1,
        null,
        1,
        1,
        null,
        null,
        null
      ],
      "/Users/chris/Dropbox/code/academy/store_engine/spec/fabricators/cart_item_fabricator.rb": [
        1,
        1,
        null
      ],
      "/Users/chris/Dropbox/code/academy/store_engine/spec/fabricators/product_fabricator.rb": [
        1,
        12,
        12,
        9,
        12,
        null
      ]
    },
    "timestamp": 1334081097
  }
}
