{
  "RSpec": {
    "coverage": {
      "/Users/jankoszewski/Dropbox/hungry academy/projects/store_engine/app/controllers/application_controller.rb": [
        1,
        1,
        null,
        1,
        null,
        1,
        null,
        1,
        100,
        null,
        null,
        1,
        40,
        31,
        null,
        18,
        null,
        null,
        null
      ],
      "/Users/jankoszewski/Dropbox/hungry academy/projects/store_engine/app/helpers/application_helper.rb": [
        1,
        null
      ],
      "/Users/jankoszewski/Dropbox/hungry academy/projects/store_engine/app/helpers/cart_items_helper.rb": [
        1,
        null
      ],
      "/Users/jankoszewski/Dropbox/hungry academy/projects/store_engine/app/helpers/carts_helper.rb": [
        1,
        null
      ],
      "/Users/jankoszewski/Dropbox/hungry academy/projects/store_engine/app/helpers/categories_helper.rb": [
        1,
        null
      ],
      "/Users/jankoszewski/Dropbox/hungry academy/projects/store_engine/app/helpers/order_items_helper.rb": [
        1,
        null
      ],
      "/Users/jankoszewski/Dropbox/hungry academy/projects/store_engine/app/helpers/orders_helper.rb": [
        1,
        null
      ],
      "/Users/jankoszewski/Dropbox/hungry academy/projects/store_engine/app/helpers/products_helper.rb": [
        1,
        null
      ],
      "/Users/jankoszewski/Dropbox/hungry academy/projects/store_engine/app/helpers/users_helper.rb": [
        1,
        null
      ],
      "/Users/jankoszewski/Dropbox/hungry academy/projects/store_engine/app/controllers/cart_items_controller.rb": [
        1,
        1,
        20,
        20,
        null,
        null
      ],
      "/Users/jankoszewski/Dropbox/hungry academy/projects/store_engine/app/models/cart_item.rb": [
        1,
        1,
        1,
        null,
        1,
        26,
        null,
        null,
        1,
        52,
        null,
        null
      ],
      "/Users/jankoszewski/Dropbox/hungry academy/projects/store_engine/app/controllers/carts_controller.rb": [
        1,
        null,
        1,
        null,
        null,
        1,
        0,
        0,
        0,
        null,
        null
      ],
      "/Users/jankoszewski/Dropbox/hungry academy/projects/store_engine/app/models/cart.rb": [
        1,
        1,
        1,
        null,
        1,
        20,
        6,
        null,
        14,
        null,
        null,
        null,
        1,
        6,
        6,
        6,
        6,
        null,
        null,
        1,
        17,
        null,
        null,
        1,
        15,
        15,
        null,
        null,
        1,
        46,
        null,
        null,
        null
      ],
      "/Users/jankoszewski/Dropbox/hungry academy/projects/store_engine/app/controllers/categories_controller.rb": [
        1,
        1,
        4,
        null,
        null,
        1,
        null,
        null,
        1,
        null,
        null,
        1,
        null,
        0,
        0,
        null,
        null,
        1,
        3,
        null,
        null,
        1,
        0,
        0,
        0,
        null,
        null,
        1,
        0,
        0,
        null,
        null,
        1,
        null,
        1,
        null,
        1,
        42,
        null,
        null,
        null
      ],
      "/Users/jankoszewski/Dropbox/hungry academy/projects/store_engine/app/models/category.rb": [
        1,
        1,
        null,
        1,
        1,
        null,
        null,
        null,
        null,
        null,
        null,
        null,
        null,
        null,
        null
      ],
      "/Users/jankoszewski/Dropbox/hungry academy/projects/store_engine/app/controllers/order_items_controller.rb": [
        1,
        null
      ],
      "/Users/jankoszewski/Dropbox/hungry academy/projects/store_engine/app/models/order_item.rb": [
        1,
        1,
        1,
        null
      ],
      "/Users/jankoszewski/Dropbox/hungry academy/projects/store_engine/app/controllers/orders_controller.rb": [
        1,
        null,
        1,
        2,
        null,
        null,
        1,
        0,
        null,
        null,
        1,
        0,
        null,
        null,
        1,
        0,
        0,
        0,
        null,
        null,
        1,
        null,
        1,
        null,
        1,
        0,
        null,
        null,
        null
      ],
      "/Users/jankoszewski/Dropbox/hungry academy/projects/store_engine/app/models/order.rb": [
        1,
        null,
        null,
        1,
        1,
        null,
        1,
        null,
        1,
        0,
        0,
        0,
        0,
        0,
        0,
        0,
        0,
        0,
        null,
        0,
        0,
        0,
        null,
        null,
        1,
        null,
        0,
        0,
        null,
        null,
        1,
        0,
        null,
        null,
        1,
        0,
        0,
        null,
        null
      ],
      "/Users/jankoszewski/Dropbox/hungry academy/projects/store_engine/app/controllers/products_controller.rb": [
        1,
        1,
        10,
        null,
        null,
        1,
        null,
        null,
        1,
        null,
        null,
        1,
        0,
        0,
        null,
        null,
        1,
        2,
        2,
        null,
        null,
        1,
        8,
        null,
        null,
        1,
        0,
        0,
        0,
        null,
        null,
        1,
        null,
        1,
        null,
        1,
        364,
        null,
        null
      ],
      "/Users/jankoszewski/Dropbox/hungry academy/projects/store_engine/app/models/product.rb": [
        1,
        1,
        null,
        1,
        1,
        null,
        1,
        null,
        1,
        null,
        1,
        2,
        null,
        null,
        1,
        64,
        null,
        null,
        null
      ],
      "/Users/jankoszewski/Dropbox/hungry academy/projects/store_engine/app/controllers/users_controller.rb": [
        1,
        null
      ],
      "/Users/jankoszewski/Dropbox/hungry academy/projects/store_engine/app/models/user.rb": [
        1,
        null,
        null
      ],
      "/Users/jankoszewski/Dropbox/hungry academy/projects/store_engine/app/models/category_product.rb": [
        1,
        1,
        null,
        1,
        1,
        null
      ]
    },
    "timestamp": 1334243711
  }
}
